::1 - - [24/Apr/2020:13:55:43 +0000] "GET / HTTP/1.1" 304 - "-" "Mozilla/5.0 (Windows NT 10.0; Win64; x64) AppleWebKit/537.36 (KHTML, like Gecko) Chrome/81.0.4044.122 Safari/537.36"
::1 - - [24/Apr/2020:13:55:43 +0000] "GET /stylesheets/style.css HTTP/1.1" 304 - "http://localhost:3000/" "Mozilla/5.0 (Windows NT 10.0; Win64; x64) AppleWebKit/537.36 (KHTML, like Gecko) Chrome/81.0.4044.122 Safari/537.36"
::1 - - [24/Apr/2020:13:56:17 +0000] "GET /users/login HTTP/1.1" 200 1181 "http://localhost:3000/" "Mozilla/5.0 (Windows NT 10.0; Win64; x64) AppleWebKit/537.36 (KHTML, like Gecko) Chrome/81.0.4044.122 Safari/537.36"
::1 - - [24/Apr/2020:13:56:17 +0000] "GET /stylesheets/style.css HTTP/1.1" 304 - "http://localhost:3000/users/login" "Mozilla/5.0 (Windows NT 10.0; Win64; x64) AppleWebKit/537.36 (KHTML, like Gecko) Chrome/81.0.4044.122 Safari/537.36"
::1 - - [24/Apr/2020:13:56:25 +0000] "POST /users/login HTTP/1.1" 302 62 "http://localhost:3000/users/login" "Mozilla/5.0 (Windows NT 10.0; Win64; x64) AppleWebKit/537.36 (KHTML, like Gecko) Chrome/81.0.4044.122 Safari/537.36"
::1 - - [24/Apr/2020:13:56:25 +0000] "GET /users/userpanel HTTP/1.1" 304 - "http://localhost:3000/users/login" "Mozilla/5.0 (Windows NT 10.0; Win64; x64) AppleWebKit/537.36 (KHTML, like Gecko) Chrome/81.0.4044.122 Safari/537.36"
::1 - - [24/Apr/2020:13:56:25 +0000] "GET /stylesheets/style.css HTTP/1.1" 304 - "http://localhost:3000/users/userpanel" "Mozilla/5.0 (Windows NT 10.0; Win64; x64) AppleWebKit/537.36 (KHTML, like Gecko) Chrome/81.0.4044.122 Safari/537.36"
::1 - - [24/Apr/2020:13:56:30 +0000] "GET /users/toDos HTTP/1.1" 304 - "http://localhost:3000/users/userpanel" "Mozilla/5.0 (Windows NT 10.0; Win64; x64) AppleWebKit/537.36 (KHTML, like Gecko) Chrome/81.0.4044.122 Safari/537.36"
::1 - - [24/Apr/2020:13:56:30 +0000] "GET /js/showToDo.js HTTP/1.1" 304 - "http://localhost:3000/users/toDos" "Mozilla/5.0 (Windows NT 10.0; Win64; x64) AppleWebKit/537.36 (KHTML, like Gecko) Chrome/81.0.4044.122 Safari/537.36"
::1 - - [24/Apr/2020:13:56:30 +0000] "GET /stylesheets/style.css HTTP/1.1" 304 - "http://localhost:3000/users/toDos" "Mozilla/5.0 (Windows NT 10.0; Win64; x64) AppleWebKit/537.36 (KHTML, like Gecko) Chrome/81.0.4044.122 Safari/537.36"
::1 - - [24/Apr/2020:13:56:30 +0000] "GET /js/modules/nQuery.js HTTP/1.1" 304 - "http://localhost:3000/js/showToDo.js" "Mozilla/5.0 (Windows NT 10.0; Win64; x64) AppleWebKit/537.36 (KHTML, like Gecko) Chrome/81.0.4044.122 Safari/537.36"
::1 - - [24/Apr/2020:13:56:30 +0000] "GET /js/modules/Ajax.js HTTP/1.1" 304 - "http://localhost:3000/js/showToDo.js" "Mozilla/5.0 (Windows NT 10.0; Win64; x64) AppleWebKit/537.36 (KHTML, like Gecko) Chrome/81.0.4044.122 Safari/537.36"
::1 - - [24/Apr/2020:13:56:31 +0000] "GET /users/toDos/:todo HTTP/1.1" 304 - "http://localhost:3000/users/toDos" "Mozilla/5.0 (Windows NT 10.0; Win64; x64) AppleWebKit/537.36 (KHTML, like Gecko) Chrome/81.0.4044.122 Safari/537.36"
::1 - - [24/Apr/2020:13:56:51 +0000] "POST /users/toDos/ HTTP/1.1" 302 68 "http://localhost:3000/users/toDos" "Mozilla/5.0 (Windows NT 10.0; Win64; x64) AppleWebKit/537.36 (KHTML, like Gecko) Chrome/81.0.4044.122 Safari/537.36"
::1 - - [24/Apr/2020:13:56:51 +0000] "GET /users/toDos HTTP/1.1" 304 - "http://localhost:3000/users/toDos" "Mozilla/5.0 (Windows NT 10.0; Win64; x64) AppleWebKit/537.36 (KHTML, like Gecko) Chrome/81.0.4044.122 Safari/537.36"
::1 - - [24/Apr/2020:13:56:51 +0000] "GET /js/showToDo.js HTTP/1.1" 304 - "http://localhost:3000/users/toDos" "Mozilla/5.0 (Windows NT 10.0; Win64; x64) AppleWebKit/537.36 (KHTML, like Gecko) Chrome/81.0.4044.122 Safari/537.36"
::1 - - [24/Apr/2020:13:56:51 +0000] "GET /stylesheets/style.css HTTP/1.1" 304 - "http://localhost:3000/users/toDos" "Mozilla/5.0 (Windows NT 10.0; Win64; x64) AppleWebKit/537.36 (KHTML, like Gecko) Chrome/81.0.4044.122 Safari/537.36"
::1 - - [24/Apr/2020:13:56:52 +0000] "GET /js/modules/nQuery.js HTTP/1.1" 304 - "http://localhost:3000/js/showToDo.js" "Mozilla/5.0 (Windows NT 10.0; Win64; x64) AppleWebKit/537.36 (KHTML, like Gecko) Chrome/81.0.4044.122 Safari/537.36"
::1 - - [24/Apr/2020:13:56:52 +0000] "GET /js/modules/Ajax.js HTTP/1.1" 304 - "http://localhost:3000/js/showToDo.js" "Mozilla/5.0 (Windows NT 10.0; Win64; x64) AppleWebKit/537.36 (KHTML, like Gecko) Chrome/81.0.4044.122 Safari/537.36"
::1 - - [24/Apr/2020:13:56:52 +0000] "GET /users/toDos/:todo HTTP/1.1" 200 527 "http://localhost:3000/users/toDos" "Mozilla/5.0 (Windows NT 10.0; Win64; x64) AppleWebKit/537.36 (KHTML, like Gecko) Chrome/81.0.4044.122 Safari/537.36"
::1 - - [24/Apr/2020:13:57:33 +0000] "GET / HTTP/1.1" 304 - "http://localhost:3000/users/toDos" "Mozilla/5.0 (Windows NT 10.0; Win64; x64) AppleWebKit/537.36 (KHTML, like Gecko) Chrome/81.0.4044.122 Safari/537.36"
::1 - - [24/Apr/2020:13:57:33 +0000] "GET /stylesheets/style.css HTTP/1.1" 304 - "http://localhost:3000/" "Mozilla/5.0 (Windows NT 10.0; Win64; x64) AppleWebKit/537.36 (KHTML, like Gecko) Chrome/81.0.4044.122 Safari/537.36"
